

*******************************************************************************
Mon Apr 24 09:44:42 2023


FIT:    data read from "eta.dat" u 1:5
        format = x:z
        #datapoints = 150
        residuals are weighted equally (unit weight)

function used for fitting: f(x)
fitted parameters initialized with current variable values



 Iteration 0
 WSSR        : 407.018           delta(WSSR)/WSSR   : 0
 delta(WSSR) : 0                 limit for stopping : 1e-05
 lambda	  : 0.0746693

initial set of free parameter values

A               = 0.2
a               = 0.5
b1              = 0.05
b2              = 0.2

After 2481 iterations the fit converged.
final sum of squares of residuals : 1.12096e-06
rel. change during last iteration : -7.11925e-06

degrees of freedom    (FIT_NDF)                        : 146
rms of residuals      (FIT_STDFIT) = sqrt(WSSR/ndf)    : 8.76232e-05
variance of residuals (reduced chisquare) = WSSR/ndf   : 7.67783e-09

Final set of parameters            Asymptotic Standard Error
=======================            ==========================

A               = 3.88571          +/- 0.001418     (0.03648%)
a               = 0.987746         +/- 0.0003548    (0.03592%)
b1              = -1.30183e+07     +/- 2.079e+07    (159.7%)
b2              = 0.0470984        +/- 0.001686     (3.579%)


correlation matrix of the fit parameters:

               A      a      b1     b2     
A               1.000 
a              -0.999  1.000 
b1             -0.101  0.098  1.000 
b2             -0.971  0.964  0.100  1.000 
