

*******************************************************************************
Fri May 12 14:15:00 2023


FIT:    data read from "press.dat" u 1:2
        format = x:z
        #datapoints = 1001
        residuals are weighted equally (unit weight)

function used for fitting: f(x)
fitted parameters initialized with current variable values



 Iteration 0
 WSSR        : 5.57133e+14       delta(WSSR)/WSSR   : 0
 delta(WSSR) : 0                 limit for stopping : 1e-05
 lambda	  : 1

initial set of free parameter values

a               = 1

After 3 iterations the fit converged.
final sum of squares of residuals : 2.96821e+10
rel. change during last iteration : -1.86532e-12

degrees of freedom    (FIT_NDF)                        : 1000
rms of residuals      (FIT_STDFIT) = sqrt(WSSR/ndf)    : 5448.13
variance of residuals (reduced chisquare) = WSSR/ndf   : 2.96821e+07

Final set of parameters            Asymptotic Standard Error
=======================            ==========================

a               = 746022           +/- 172.2        (0.02308%)


correlation matrix of the fit parameters:

               a      
a               1.000 
