

*******************************************************************************
Mon Apr 24 09:46:45 2023


FIT:    data read from "eta.dat" u 1:5
        format = x:z
        #datapoints = 150
        residuals are weighted equally (unit weight)

function used for fitting: f(x)
fitted parameters initialized with current variable values



 Iteration 0
 WSSR        : 22942.9           delta(WSSR)/WSSR   : 0
 delta(WSSR) : 0                 limit for stopping : 1e-05
 lambda	  : 0.0746693

initial set of free parameter values

A               = 0.2
a               = 0.5
b1              = 0.05
b2              = 0.2

After 505 iterations the fit converged.
final sum of squares of residuals : 8.49457e-06
rel. change during last iteration : -4.16676e-06

degrees of freedom    (FIT_NDF)                        : 146
rms of residuals      (FIT_STDFIT) = sqrt(WSSR/ndf)    : 0.000241209
variance of residuals (reduced chisquare) = WSSR/ndf   : 5.8182e-08

Final set of parameters            Asymptotic Standard Error
=======================            ==========================

A               = 28.5748          +/- 0.0008833    (0.003091%)
a               = 0.0502723        +/- 0.378        (751.9%)
b1              = -3.02881         +/- 11.41        (376.7%)
b2              = 47.7305          +/- 169.7        (355.6%)


correlation matrix of the fit parameters:

               A      a      b1     b2     
A               1.000 
a               0.867  1.000 
b1             -0.864 -1.000  1.000 
b2             -0.871 -1.000  1.000  1.000 
