

*******************************************************************************
Mon Apr 24 09:44:11 2023


FIT:    data read from "eta.dat" u 1:5
        format = x:z
        #datapoints = 200
        residuals are weighted equally (unit weight)

function used for fitting: f(x)
fitted parameters initialized with current variable values



 Iteration 0
 WSSR        : 0.000519832       delta(WSSR)/WSSR   : 0
 delta(WSSR) : 0                 limit for stopping : 1e-05
 lambda	  : 0.0797118

initial set of free parameter values

A               = 0.2
a               = 0.5
b1              = 0.05
b2              = 0.2

After 34 iterations the fit converged.
final sum of squares of residuals : 2.86397e-06
rel. change during last iteration : -4.94338e-06

degrees of freedom    (FIT_NDF)                        : 196
rms of residuals      (FIT_STDFIT) = sqrt(WSSR/ndf)    : 0.000120881
variance of residuals (reduced chisquare) = WSSR/ndf   : 1.46121e-08

Final set of parameters            Asymptotic Standard Error
=======================            ==========================

A               = 0.260173         +/- 0.003799     (1.46%)
a               = 0.739075         +/- 0.00353      (0.4776%)
b1              = 0.0330569        +/- 0.001009     (3.052%)
b2              = 0.260088         +/- 0.00245      (0.9419%)


correlation matrix of the fit parameters:

               A      a      b1     b2     
A               1.000 
a               0.466  1.000 
b1             -0.937 -0.143  1.000 
b2             -0.488  0.523  0.717  1.000 
