

*******************************************************************************
Mon Apr 24 09:44:14 2023


FIT:    data read from "eta.dat" u 1:5
        format = x:z
        #datapoints = 250
        residuals are weighted equally (unit weight)

function used for fitting: f(x)
fitted parameters initialized with current variable values



 Iteration 0
 WSSR        : 0.00854762        delta(WSSR)/WSSR   : 0
 delta(WSSR) : 0                 limit for stopping : 1e-05
 lambda	  : 0.0829318

initial set of free parameter values

A               = 0.2
a               = 0.5
b1              = 0.05
b2              = 0.2

After 55 iterations the fit converged.
final sum of squares of residuals : 5.91723e-07
rel. change during last iteration : -4.38591e-07

degrees of freedom    (FIT_NDF)                        : 246
rms of residuals      (FIT_STDFIT) = sqrt(WSSR/ndf)    : 4.90447e-05
variance of residuals (reduced chisquare) = WSSR/ndf   : 2.40538e-09

Final set of parameters            Asymptotic Standard Error
=======================            ==========================

A               = 0.273265         +/- 0.001976     (0.7232%)
a               = 0.760784         +/- 0.00175      (0.2301%)
b1              = 0.0279427        +/- 0.0004118    (1.474%)
b2              = 0.18775          +/- 0.0008301    (0.4421%)


correlation matrix of the fit parameters:

               A      a      b1     b2     
A               1.000 
a               0.338  1.000 
b1             -0.936 -0.001  1.000 
b2             -0.479  0.638  0.710  1.000 
