

*******************************************************************************
Mon Apr 24 09:44:51 2023


FIT:    data read from "eta.dat" u 1:5
        format = x:z
        #datapoints = 150
        residuals are weighted equally (unit weight)

function used for fitting: f(x)
fitted parameters initialized with current variable values



 Iteration 0
 WSSR        : 1036.95           delta(WSSR)/WSSR   : 0
 delta(WSSR) : 0                 limit for stopping : 1e-05
 lambda	  : 0.0746693

initial set of free parameter values

A               = 0.2
a               = 0.5
b1              = 0.05
b2              = 0.2

After 2182 iterations the fit converged.
final sum of squares of residuals : 1.79764e-06
rel. change during last iteration : -8.64357e-07

degrees of freedom    (FIT_NDF)                        : 146
rms of residuals      (FIT_STDFIT) = sqrt(WSSR/ndf)    : 0.000110962
variance of residuals (reduced chisquare) = WSSR/ndf   : 1.23126e-08

Final set of parameters            Asymptotic Standard Error
=======================            ==========================

A               = 6.15057          +/- 0.001487     (0.02418%)
a               = 0.991986         +/- 0.0002341    (0.0236%)
b1              = 1.23664e+06      +/- 3.423e+07    (2768%)
b2              = 0.0543328        +/- 0.002089     (3.845%)


correlation matrix of the fit parameters:

               A      a      b1     b2     
A               1.000 
a              -0.998  1.000 
b1             -0.083  0.030  1.000 
b2             -0.956  0.937  0.235  1.000 
