

*******************************************************************************
Mon Apr 24 09:42:05 2023


FIT:    data read from "eta.dat" u 1:5
        format = x:z
        #datapoints = 150
        residuals are weighted equally (unit weight)

function used for fitting: f(x)
fitted parameters initialized with current variable values



 Iteration 0
 WSSR        : 302.234           delta(WSSR)/WSSR   : 0
 delta(WSSR) : 0                 limit for stopping : 1e-05
 lambda	  : 0.0746693

initial set of free parameter values

A               = 0.2
a               = 0.5
b1              = 0.05
b2              = 0.2

After 111 iterations the fit converged.
final sum of squares of residuals : 0.000326885
rel. change during last iteration : -9.90174e-06

degrees of freedom    (FIT_NDF)                        : 146
rms of residuals      (FIT_STDFIT) = sqrt(WSSR/ndf)    : 0.00149631
variance of residuals (reduced chisquare) = WSSR/ndf   : 2.23894e-06

Final set of parameters            Asymptotic Standard Error
=======================            ==========================

A               = 3.34613          +/- 0.002813     (0.08406%)
a               = 28.6971          +/- 1.821e+07    (6.347e+07%)
b1              = -162.383         +/- 1.099e+07    (6.767e+06%)
b2              = -133.746         +/- 7.802e+06    (5.833e+06%)


correlation matrix of the fit parameters:

               A      a      b1     b2     
A               1.000 
a              -0.001  1.000 
b1             -0.002  1.000  1.000 
b2              0.000 -1.000 -1.000  1.000 
