

*******************************************************************************
Mon Apr 24 09:45:22 2023


FIT:    data read from "eta.dat" u 1:5
        format = x:z
        #datapoints = 150
        residuals are weighted equally (unit weight)

function used for fitting: f(x)
fitted parameters initialized with current variable values



 Iteration 0
 WSSR        : 2566.3            delta(WSSR)/WSSR   : 0
 delta(WSSR) : 0                 limit for stopping : 1e-05
 lambda	  : 0.0746693

initial set of free parameter values

A               = 0.2
a               = 0.5
b1              = 0.05
b2              = 0.2

After 6097 iterations the fit converged.
final sum of squares of residuals : 4.31432e-05
rel. change during last iteration : -3.90141e-06

degrees of freedom    (FIT_NDF)                        : 146
rms of residuals      (FIT_STDFIT) = sqrt(WSSR/ndf)    : 0.0005436
variance of residuals (reduced chisquare) = WSSR/ndf   : 2.95501e-07

Final set of parameters            Asymptotic Standard Error
=======================            ==========================

A               = 9.6351           +/- 0.002332     (0.02421%)
a               = 0.940419         +/- 0.04105      (4.365%)
b1              = -19.9902         +/- 10.58        (52.94%)
b2              = 0.671617         +/- 0.3186       (47.44%)


correlation matrix of the fit parameters:

               A      a      b1     b2     
A               1.000 
a               0.854  1.000 
b1             -0.843 -1.000  1.000 
b2             -0.875 -0.999  0.998  1.000 
