

*******************************************************************************
Sat May  6 22:47:35 2023


FIT:    data read from "eta.dat" u 1:5
        format = x:z
        #datapoints = 120
        residuals are weighted equally (unit weight)

function used for fitting: f(x)
fitted parameters initialized with current variable values



 Iteration 0
 WSSR        : 0.00689259        delta(WSSR)/WSSR   : 0
 delta(WSSR) : 0                 limit for stopping : 1e-05
 lambda	  : 0.127924

initial set of free parameter values

A               = 0.01
a               = 0.5
b1              = 0.5
b2              = 1

After 97 iterations the fit converged.
final sum of squares of residuals : 8.1646e-07
rel. change during last iteration : -4.92221e-08

degrees of freedom    (FIT_NDF)                        : 116
rms of residuals      (FIT_STDFIT) = sqrt(WSSR/ndf)    : 8.38954e-05
variance of residuals (reduced chisquare) = WSSR/ndf   : 7.03844e-09

Final set of parameters            Asymptotic Standard Error
=======================            ==========================

A               = 0.309102         +/- 0.004541     (1.469%)
a               = 0.89535          +/- 0.008104     (0.9051%)
b1              = 0.0247391        +/- 0.0007761    (3.137%)
b2              = 0.125859         +/- 0.00563      (4.473%)


correlation matrix of the fit parameters:

               A      a      b1     b2     
A               1.000 
a              -0.512  1.000 
b1             -0.916  0.801  1.000 
b2             -0.550  0.983  0.801  1.000 
