

*******************************************************************************
Mon Apr 24 09:41:48 2023


FIT:    data read from "msd.dat" u 1:5
        format = x:z
        #datapoints = 1001
        residuals are weighted equally (unit weight)

function used for fitting: f(x)
fitted parameters initialized with current variable values



 Iteration 0
 WSSR        : 2.05926e+10       delta(WSSR)/WSSR   : 0
 delta(WSSR) : 0                 limit for stopping : 1e-05
 lambda	  : 692.994

initial set of free parameter values

D               = 0.1

After 3 iterations the fit converged.
final sum of squares of residuals : 2.92087e+06
rel. change during last iteration : -7.00515e-13

degrees of freedom    (FIT_NDF)                        : 1000
rms of residuals      (FIT_STDFIT) = sqrt(WSSR/ndf)    : 54.0451
variance of residuals (reduced chisquare) = WSSR/ndf   : 2920.87

Final set of parameters            Asymptotic Standard Error
=======================            ==========================

D               = 6.64454          +/- 0.002465     (0.0371%)


correlation matrix of the fit parameters:

               D      
D               1.000 
