

*******************************************************************************
Mon Apr 24 09:47:13 2023


FIT:    data read from "eta.dat" u 1:5
        format = x:z
        #datapoints = 150
        residuals are weighted equally (unit weight)

function used for fitting: f(x)
fitted parameters initialized with current variable values



 Iteration 0
 WSSR        : 0.00130374        delta(WSSR)/WSSR   : 0
 delta(WSSR) : 0                 limit for stopping : 1e-05
 lambda	  : 0.0746693

initial set of free parameter values

A               = 0.2
a               = 0.5
b1              = 0.05
b2              = 0.2

After 62 iterations the fit converged.
final sum of squares of residuals : 9.49387e-08
rel. change during last iteration : -2.53028e-10

degrees of freedom    (FIT_NDF)                        : 146
rms of residuals      (FIT_STDFIT) = sqrt(WSSR/ndf)    : 2.55003e-05
variance of residuals (reduced chisquare) = WSSR/ndf   : 6.50265e-10

Final set of parameters            Asymptotic Standard Error
=======================            ==========================

A               = 0.393172         +/- 0.001637     (0.4164%)
a               = 0.744744         +/- 0.00106      (0.1423%)
b1              = 0.0206382        +/- 0.0001816    (0.8799%)
b2              = 0.140634         +/- 0.0003736    (0.2656%)


correlation matrix of the fit parameters:

               A      a      b1     b2     
A               1.000 
a               0.343  1.000 
b1             -0.934 -0.002  1.000 
b2             -0.488  0.628  0.721  1.000 
