

*******************************************************************************
Mon Apr 24 09:42:16 2023


FIT:    data read from "eta.dat" u 1:5
        format = x:z
        #datapoints = 150
        residuals are weighted equally (unit weight)

function used for fitting: f(x)
fitted parameters initialized with current variable values



 Iteration 0
 WSSR        : 0.0205744         delta(WSSR)/WSSR   : 0
 delta(WSSR) : 0                 limit for stopping : 1e-05
 lambda	  : 0.0746693

initial set of free parameter values

A               = 0.2
a               = 0.5
b1              = 0.05
b2              = 0.2

After 46 iterations the fit converged.
final sum of squares of residuals : 2.35459e-07
rel. change during last iteration : -5.38703e-06

degrees of freedom    (FIT_NDF)                        : 146
rms of residuals      (FIT_STDFIT) = sqrt(WSSR/ndf)    : 4.01589e-05
variance of residuals (reduced chisquare) = WSSR/ndf   : 1.61273e-09

Final set of parameters            Asymptotic Standard Error
=======================            ==========================

A               = 0.225518         +/- 0.00341      (1.512%)
a               = 0.64659          +/- 0.006962     (1.077%)
b1              = 0.0180801        +/- 0.0007884    (4.361%)
b2              = 0.0849276        +/- 0.0009584    (1.128%)


correlation matrix of the fit parameters:

               A      a      b1     b2     
A               1.000 
a              -0.029  1.000 
b1             -0.917  0.411  1.000 
b2             -0.534  0.840  0.787  1.000 
