

*******************************************************************************
Mon Apr 24 09:42:16 2023


FIT:    data read from "msd.dat" u 1:5
        format = x:z
        #datapoints = 1001
        residuals are weighted equally (unit weight)

function used for fitting: f(x)
fitted parameters initialized with current variable values



 Iteration 0
 WSSR        : 1.32774e+10       delta(WSSR)/WSSR   : 0
 delta(WSSR) : 0                 limit for stopping : 1e-05
 lambda	  : 692.994

initial set of free parameter values

D               = 0.1

After 3 iterations the fit converged.
final sum of squares of residuals : 743384
rel. change during last iteration : -1.7732e-12

degrees of freedom    (FIT_NDF)                        : 1000
rms of residuals      (FIT_STDFIT) = sqrt(WSSR/ndf)    : 27.2651
variance of residuals (reduced chisquare) = WSSR/ndf   : 743.384

Final set of parameters            Asymptotic Standard Error
=======================            ==========================

D               = 5.3553           +/- 0.001244     (0.02322%)


correlation matrix of the fit parameters:

               D      
D               1.000 
