

*******************************************************************************
Mon Apr 24 09:58:50 2023


FIT:    data read from "eta.dat" u 1:5
        format = x:z
        #datapoints = 60
        residuals are weighted equally (unit weight)

function used for fitting: f(x)
fitted parameters initialized with current variable values



 Iteration 0
 WSSR        : 0.000888651       delta(WSSR)/WSSR   : 0
 delta(WSSR) : 0                 limit for stopping : 1e-05
 lambda	  : 0.0531529

initial set of free parameter values

A               = 0.01
a               = 0.5
b1              = 0.5
b2              = 0.1

After 366 iterations the fit converged.
final sum of squares of residuals : 5.33501e-08
rel. change during last iteration : -6.52203e-06

degrees of freedom    (FIT_NDF)                        : 56
rms of residuals      (FIT_STDFIT) = sqrt(WSSR/ndf)    : 3.08655e-05
variance of residuals (reduced chisquare) = WSSR/ndf   : 9.52681e-10

Final set of parameters            Asymptotic Standard Error
=======================            ==========================

A               = 0.196316         +/- 0.003953     (2.013%)
a               = 0.437196         +/- 0.08416      (19.25%)
b1              = 0.0406378        +/- 0.002639     (6.494%)
b2              = 0.0166881        +/- 0.002366     (14.18%)


correlation matrix of the fit parameters:

               A      a      b1     b2     
A               1.000 
a               0.670  1.000 
b1             -0.655 -0.994  1.000 
b2             -0.867 -0.946  0.928  1.000 
