

*******************************************************************************
Mon Apr 24 09:45:04 2023


FIT:    data read from "eta.dat" u 1:5
        format = x:z
        #datapoints = 150
        residuals are weighted equally (unit weight)

function used for fitting: f(x)
fitted parameters initialized with current variable values



 Iteration 0
 WSSR        : 0.00132999        delta(WSSR)/WSSR   : 0
 delta(WSSR) : 0                 limit for stopping : 1e-05
 lambda	  : 0.0746693

initial set of free parameter values

A               = 0.2
a               = 0.5
b1              = 0.05
b2              = 0.2

After 68 iterations the fit converged.
final sum of squares of residuals : 1.57455e-07
rel. change during last iteration : -2.4734e-12

degrees of freedom    (FIT_NDF)                        : 146
rms of residuals      (FIT_STDFIT) = sqrt(WSSR/ndf)    : 3.28399e-05
variance of residuals (reduced chisquare) = WSSR/ndf   : 1.07846e-09

Final set of parameters            Asymptotic Standard Error
=======================            ==========================

A               = 0.330997         +/- 0.001969     (0.5947%)
a               = 0.722867         +/- 0.001445     (0.1999%)
b1              = 0.0212696        +/- 0.0002632    (1.237%)
b2              = 0.168191         +/- 0.0005163    (0.307%)


correlation matrix of the fit parameters:

               A      a      b1     b2     
A               1.000 
a               0.604  1.000 
b1             -0.940 -0.310  1.000 
b2             -0.474  0.394  0.699  1.000 
