

*******************************************************************************
Mon Apr 24 09:45:11 2023


FIT:    data read from "eta.dat" u 1:5
        format = x:z
        #datapoints = 150
        residuals are weighted equally (unit weight)

function used for fitting: f(x)
fitted parameters initialized with current variable values



 Iteration 0
 WSSR        : 0.0101339         delta(WSSR)/WSSR   : 0
 delta(WSSR) : 0                 limit for stopping : 1e-05
 lambda	  : 0.0746693

initial set of free parameter values

A               = 0.2
a               = 0.5
b1              = 0.05
b2              = 0.2

After 87 iterations the fit converged.
final sum of squares of residuals : 7.94528e-08
rel. change during last iteration : -4.99727e-14

degrees of freedom    (FIT_NDF)                        : 146
rms of residuals      (FIT_STDFIT) = sqrt(WSSR/ndf)    : 2.3328e-05
variance of residuals (reduced chisquare) = WSSR/ndf   : 5.44197e-10

Final set of parameters            Asymptotic Standard Error
=======================            ==========================

A               = 0.325294         +/- 0.001776     (0.546%)
a               = 0.710629         +/- 0.002361     (0.3322%)
b1              = 0.019337         +/- 0.0002718    (1.405%)
b2              = 0.0944781        +/- 0.0004494    (0.4757%)


correlation matrix of the fit parameters:

               A      a      b1     b2     
A               1.000 
a              -0.114  1.000 
b1             -0.919  0.481  1.000 
b2             -0.530  0.881  0.780  1.000 
