

*******************************************************************************
Mon May  8 16:03:26 2023


FIT:    data read from "eta.dat" u 1:5
        format = x:z
        #datapoints = 80
        residuals are weighted equally (unit weight)

function used for fitting: f(x)
fitted parameters initialized with current variable values



 Iteration 0
 WSSR        : 0.00135993        delta(WSSR)/WSSR   : 0
 delta(WSSR) : 0                 limit for stopping : 1e-05
 lambda	  : 0.0938135

initial set of free parameter values

A               = 0.01
a               = 0.5
b1              = 0.5
b2              = 1

After 205 iterations the fit converged.
final sum of squares of residuals : 6.25482e-08
rel. change during last iteration : -1.29612e-07

degrees of freedom    (FIT_NDF)                        : 76
rms of residuals      (FIT_STDFIT) = sqrt(WSSR/ndf)    : 2.8688e-05
variance of residuals (reduced chisquare) = WSSR/ndf   : 8.23002e-10

Final set of parameters            Asymptotic Standard Error
=======================            ==========================

A               = 0.213369         +/- 0.00207      (0.9699%)
a               = 0.866577         +/- 0.01423      (1.642%)
b1              = 0.0223953        +/- 0.0006545    (2.923%)
b2              = 0.0796918        +/- 0.003927     (4.928%)


correlation matrix of the fit parameters:

               A      a      b1     b2     
A               1.000 
a              -0.638  1.000 
b1             -0.893  0.908  1.000 
b2             -0.612  0.990  0.876  1.000 
