

*******************************************************************************
Mon Apr 24 09:41:34 2023


FIT:    data read from "eta.dat" u 1:5
        format = x:z
        #datapoints = 350
        residuals are weighted equally (unit weight)

function used for fitting: f(x)
fitted parameters initialized with current variable values



 Iteration 0
 WSSR        : 0.00191195        delta(WSSR)/WSSR   : 0
 delta(WSSR) : 0                 limit for stopping : 1e-05
 lambda	  : 0.0866623

initial set of free parameter values

A               = 0.2
a               = 0.5
b1              = 0.05
b2              = 0.2

After 47 iterations the fit converged.
final sum of squares of residuals : 1.17868e-06
rel. change during last iteration : -1.77959e-06

degrees of freedom    (FIT_NDF)                        : 346
rms of residuals      (FIT_STDFIT) = sqrt(WSSR/ndf)    : 5.8366e-05
variance of residuals (reduced chisquare) = WSSR/ndf   : 3.40659e-09

Final set of parameters            Asymptotic Standard Error
=======================            ==========================

A               = 0.187939         +/- 0.001448     (0.7706%)
a               = 0.727983         +/- 0.001831     (0.2515%)
b1              = 0.0363452        +/- 0.0005081    (1.398%)
b2              = 0.421199         +/- 0.0009252    (0.2197%)


correlation matrix of the fit parameters:

               A      a      b1     b2     
A               1.000 
a               0.910  1.000 
b1             -0.955 -0.756  1.000 
b2             -0.412 -0.012  0.613  1.000 
