

*******************************************************************************
Mon Apr 24 09:53:49 2023


FIT:    data read from "eta.dat" u 1:5
        format = x:z
        #datapoints = 100
        residuals are weighted equally (unit weight)

function used for fitting: f(x)
fitted parameters initialized with current variable values



 Iteration 0
 WSSR        : 0.0151197         delta(WSSR)/WSSR   : 0
 delta(WSSR) : 0                 limit for stopping : 1e-05
 lambda	  : 0.111707

initial set of free parameter values

A               = 0.01
a               = 0.5
b1              = 0.5
b2              = 1

After 354 iterations the fit converged.
final sum of squares of residuals : 9.27476e-08
rel. change during last iteration : -1.04151e-07

degrees of freedom    (FIT_NDF)                        : 96
rms of residuals      (FIT_STDFIT) = sqrt(WSSR/ndf)    : 3.10825e-05
variance of residuals (reduced chisquare) = WSSR/ndf   : 9.66121e-10

Final set of parameters            Asymptotic Standard Error
=======================            ==========================

A               = 0.387142         +/- 0.002286     (0.5905%)
a               = 0.757335         +/- 0.002078     (0.2744%)
b1              = 0.0196403        +/- 0.0002686    (1.368%)
b2              = 0.11801          +/- 0.000731     (0.6194%)


correlation matrix of the fit parameters:

               A      a      b1     b2     
A               1.000 
a              -0.080  1.000 
b1             -0.924  0.439  1.000 
b2             -0.529  0.867  0.773  1.000 
