

*******************************************************************************
Mon Apr 24 09:46:42 2023


FIT:    data read from "eta.dat" u 1:5
        format = x:z
        #datapoints = 100
        residuals are weighted equally (unit weight)

function used for fitting: f(x)
fitted parameters initialized with current variable values



 Iteration 0
 WSSR        : 0.00669837        delta(WSSR)/WSSR   : 0
 delta(WSSR) : 0                 limit for stopping : 1e-05
 lambda	  : 0.0662043

initial set of free parameter values

A               = 0.2
a               = 0.5
b1              = 0.05
b2              = 0.2

After 37 iterations the fit converged.
final sum of squares of residuals : 3.78961e-07
rel. change during last iteration : -6.06718e-06

degrees of freedom    (FIT_NDF)                        : 96
rms of residuals      (FIT_STDFIT) = sqrt(WSSR/ndf)    : 6.28292e-05
variance of residuals (reduced chisquare) = WSSR/ndf   : 3.94751e-09

Final set of parameters            Asymptotic Standard Error
=======================            ==========================

A               = 0.369721         +/- 0.007029     (1.901%)
a               = 0.666063         +/- 0.01798      (2.699%)
b1              = 0.0159831        +/- 0.001042     (6.521%)
b2              = 0.0586178        +/- 0.001521     (2.596%)


correlation matrix of the fit parameters:

               A      a      b1     b2     
A               1.000 
a              -0.442  1.000 
b1             -0.900  0.778  1.000 
b2             -0.579  0.973  0.844  1.000 
