

*******************************************************************************
Mon Apr 24 09:42:19 2023


FIT:    data read from "eta.dat" u 1:5
        format = x:z
        #datapoints = 150
        residuals are weighted equally (unit weight)

function used for fitting: f(x)
fitted parameters initialized with current variable values



 Iteration 0
 WSSR        : 0.022569          delta(WSSR)/WSSR   : 0
 delta(WSSR) : 0                 limit for stopping : 1e-05
 lambda	  : 0.0746693

initial set of free parameter values

A               = 0.2
a               = 0.5
b1              = 0.05
b2              = 0.2

After 44 iterations the fit converged.
final sum of squares of residuals : 6.30756e-08
rel. change during last iteration : -1.22136e-07

degrees of freedom    (FIT_NDF)                        : 146
rms of residuals      (FIT_STDFIT) = sqrt(WSSR/ndf)    : 2.07852e-05
variance of residuals (reduced chisquare) = WSSR/ndf   : 4.32025e-10

Final set of parameters            Asymptotic Standard Error
=======================            ==========================

A               = 0.218459         +/- 0.001509     (0.6906%)
a               = 0.705508         +/- 0.004271     (0.6053%)
b1              = 0.0205429        +/- 0.0004048    (1.97%)
b2              = 0.0872026        +/- 0.000673     (0.7717%)


correlation matrix of the fit parameters:

               A      a      b1     b2     
A               1.000 
a              -0.315  1.000 
b1             -0.910  0.666  1.000 
b2             -0.552  0.947  0.811  1.000 
