

*******************************************************************************
Fri Apr 21 16:31:15 2023


FIT:    data read from "eta.dat" u 1:5
        format = x:z
        #datapoints = 100
        residuals are weighted equally (unit weight)

function used for fitting: f(x)
fitted parameters initialized with current variable values



 Iteration 0
 WSSR        : 0.0011111         delta(WSSR)/WSSR   : 0
 delta(WSSR) : 0                 limit for stopping : 1e-05
 lambda	  : 0.0800565

initial set of free parameter values

A               = 0.2
a               = 0.8
b1              = 0.01
b2              = 0.02

After 6 iterations the fit converged.
final sum of squares of residuals : 2.33973e-08
rel. change during last iteration : -1.11033e-08

degrees of freedom    (FIT_NDF)                        : 96
rms of residuals      (FIT_STDFIT) = sqrt(WSSR/ndf)    : 1.56116e-05
variance of residuals (reduced chisquare) = WSSR/ndf   : 2.43722e-10

Final set of parameters            Asymptotic Standard Error
=======================            ==========================

A               = 0.195888         +/- 0.001207     (0.616%)
a               = 0.785772         +/- 0.01226      (1.561%)
b1              = 0.0217194        +/- 0.0004917    (2.264%)
b2              = 0.0651277        +/- 0.001452     (2.23%)


correlation matrix of the fit parameters:

               A      a      b1     b2     
A               1.000 
a              -0.636  1.000 
b1             -0.884  0.916  1.000 
b2             -0.617  0.991  0.889  1.000 
