

*******************************************************************************
Mon Apr 24 09:41:44 2023


FIT:    data read from "eta.dat" u 1:5
        format = x:z
        #datapoints = 150
        residuals are weighted equally (unit weight)

function used for fitting: f(x)
fitted parameters initialized with current variable values



 Iteration 0
 WSSR        : 0.0246457         delta(WSSR)/WSSR   : 0
 delta(WSSR) : 0                 limit for stopping : 1e-05
 lambda	  : 0.0746693

initial set of free parameter values

A               = 0.2
a               = 0.5
b1              = 0.05
b2              = 0.2

After 45 iterations the fit converged.
final sum of squares of residuals : 1.68994e-07
rel. change during last iteration : -3.44853e-06

degrees of freedom    (FIT_NDF)                        : 146
rms of residuals      (FIT_STDFIT) = sqrt(WSSR/ndf)    : 3.4022e-05
variance of residuals (reduced chisquare) = WSSR/ndf   : 1.15749e-09

Final set of parameters            Asymptotic Standard Error
=======================            ==========================

A               = 0.191989         +/- 0.00189      (0.9843%)
a               = 0.757518         +/- 0.008706     (1.149%)
b1              = 0.0252457        +/- 0.000726     (2.876%)
b2              = 0.0969051        +/- 0.001679     (1.733%)


correlation matrix of the fit parameters:

               A      a      b1     b2     
A               1.000 
a              -0.488  1.000 
b1             -0.903  0.805  1.000 
b2             -0.573  0.981  0.837  1.000 
