

*******************************************************************************
Mon Apr 24 09:44:02 2023


FIT:    data read from "msd.dat" u 1:5
        format = x:z
        #datapoints = 1001
        residuals are weighted equally (unit weight)

function used for fitting: f(x)
fitted parameters initialized with current variable values



 Iteration 0
 WSSR        : 4.74032e+06       delta(WSSR)/WSSR   : 0
 delta(WSSR) : 0                 limit for stopping : 1e-05
 lambda	  : 692.994

initial set of free parameter values

D               = 0.1

After 3 iterations the fit converged.
final sum of squares of residuals : 23.1269
rel. change during last iteration : -2.03733e-11

degrees of freedom    (FIT_NDF)                        : 1000
rms of residuals      (FIT_STDFIT) = sqrt(WSSR/ndf)    : 0.152075
variance of residuals (reduced chisquare) = WSSR/ndf   : 0.0231269

Final set of parameters            Asymptotic Standard Error
=======================            ==========================

D               = 0.000698322      +/- 6.936e-06    (0.9932%)


correlation matrix of the fit parameters:

               D      
D               1.000 
