

*******************************************************************************
Mon Apr 24 09:43:59 2023


FIT:    data read from "eta.dat" u 1:5
        format = x:z
        #datapoints = 150
        residuals are weighted equally (unit weight)

function used for fitting: f(x)
fitted parameters initialized with current variable values



 Iteration 0
 WSSR        : 40.5786           delta(WSSR)/WSSR   : 0
 delta(WSSR) : 0                 limit for stopping : 1e-05
 lambda	  : 0.0746693

initial set of free parameter values

A               = 0.2
a               = 0.5
b1              = 0.05
b2              = 0.2

After 1324 iterations the fit converged.
final sum of squares of residuals : 8.59763e-06
rel. change during last iteration : -2.27054e-06

degrees of freedom    (FIT_NDF)                        : 146
rms of residuals      (FIT_STDFIT) = sqrt(WSSR/ndf)    : 0.000242668
variance of residuals (reduced chisquare) = WSSR/ndf   : 5.88879e-08

Final set of parameters            Asymptotic Standard Error
=======================            ==========================

A               = 1.3238           +/- 0.001737     (0.1312%)
a               = 0.911751         +/- 0.002229     (0.2444%)
b1              = -49.9268         +/- 12.89        (25.82%)
b2              = 0.138072         +/- 0.008594     (6.224%)


correlation matrix of the fit parameters:

               A      a      b1     b2     
A               1.000 
a               0.516  1.000 
b1             -0.737 -0.957  1.000 
b2             -0.900 -0.833  0.949  1.000 
