

*******************************************************************************
Sat May  6 22:48:45 2023


FIT:    data read from "eta.dat" u 1:5
        format = x:z
        #datapoints = 80
        residuals are weighted equally (unit weight)

function used for fitting: f(x)
fitted parameters initialized with current variable values



 Iteration 0
 WSSR        : 0.00090301        delta(WSSR)/WSSR   : 0
 delta(WSSR) : 0                 limit for stopping : 1e-05
 lambda	  : 0.074531

initial set of free parameter values

A               = 0.01
a               = 0.5
b1              = 0.2
b2              = 0.5

After 114 iterations the fit converged.
final sum of squares of residuals : 3.71489e-08
rel. change during last iteration : -3.48344e-08

degrees of freedom    (FIT_NDF)                        : 76
rms of residuals      (FIT_STDFIT) = sqrt(WSSR/ndf)    : 2.21089e-05
variance of residuals (reduced chisquare) = WSSR/ndf   : 4.88802e-10

Final set of parameters            Asymptotic Standard Error
=======================            ==========================

A               = 0.193494         +/- 0.001454     (0.7515%)
a               = 0.953073         +/- 0.005482     (0.5752%)
b1              = 0.0224787        +/- 0.0003682    (1.638%)
b2              = 0.116599         +/- 0.00836      (7.17%)


correlation matrix of the fit parameters:

               A      a      b1     b2     
A               1.000 
a              -0.617  1.000 
b1             -0.911  0.876  1.000 
b2             -0.581  0.987  0.833  1.000 
