

*******************************************************************************
Mon Apr 24 09:41:41 2023


FIT:    data read from "eta.dat" u 1:5
        format = x:z
        #datapoints = 150
        residuals are weighted equally (unit weight)

function used for fitting: f(x)
fitted parameters initialized with current variable values



 Iteration 0
 WSSR        : 0.0207398         delta(WSSR)/WSSR   : 0
 delta(WSSR) : 0                 limit for stopping : 1e-05
 lambda	  : 0.0746693

initial set of free parameter values

A               = 0.2
a               = 0.5
b1              = 0.05
b2              = 0.2

After 32 iterations the fit converged.
final sum of squares of residuals : 2.68765e-07
rel. change during last iteration : -3.82894e-06

degrees of freedom    (FIT_NDF)                        : 146
rms of residuals      (FIT_STDFIT) = sqrt(WSSR/ndf)    : 4.29052e-05
variance of residuals (reduced chisquare) = WSSR/ndf   : 1.84086e-09

Final set of parameters            Asymptotic Standard Error
=======================            ==========================

A               = 0.200314         +/- 0.002604     (1.3%)
a               = 0.727705         +/- 0.005388     (0.7404%)
b1              = 0.0224434        +/- 0.0007266    (3.238%)
b2              = 0.114339         +/- 0.001378     (1.205%)


correlation matrix of the fit parameters:

               A      a      b1     b2     
A               1.000 
a              -0.121  1.000 
b1             -0.920  0.485  1.000 
b2             -0.529  0.885  0.778  1.000 
