

*******************************************************************************
Mon Apr 24 09:43:38 2023


FIT:    data read from "eta.dat" u 1:5
        format = x:z
        #datapoints = 250
        residuals are weighted equally (unit weight)

function used for fitting: f(x)
fitted parameters initialized with current variable values



 Iteration 0
 WSSR        : 0.0265262         delta(WSSR)/WSSR   : 0
 delta(WSSR) : 0                 limit for stopping : 1e-05
 lambda	  : 0.0829318

initial set of free parameter values

A               = 0.2
a               = 0.5
b1              = 0.05
b2              = 0.2

After 61 iterations the fit converged.
final sum of squares of residuals : 4.21853e-07
rel. change during last iteration : -8.75162e-08

degrees of freedom    (FIT_NDF)                        : 246
rms of residuals      (FIT_STDFIT) = sqrt(WSSR/ndf)    : 4.14107e-05
variance of residuals (reduced chisquare) = WSSR/ndf   : 1.71485e-09

Final set of parameters            Asymptotic Standard Error
=======================            ==========================

A               = 0.238048         +/- 0.001757     (0.7381%)
a               = 0.788137         +/- 0.002521     (0.3199%)
b1              = 0.027902         +/- 0.0004467    (1.601%)
b2              = 0.151237         +/- 0.001064     (0.7037%)


correlation matrix of the fit parameters:

               A      a      b1     b2     
A               1.000 
a              -0.125  1.000 
b1             -0.925  0.476  1.000 
b2             -0.510  0.893  0.754  1.000 
