

*******************************************************************************
Mon Apr 24 09:46:09 2023


FIT:    data read from "eta.dat" u 1:5
        format = x:z
        #datapoints = 150
        residuals are weighted equally (unit weight)

function used for fitting: f(x)
fitted parameters initialized with current variable values



 Iteration 0
 WSSR        : 351.731           delta(WSSR)/WSSR   : 0
 delta(WSSR) : 0                 limit for stopping : 1e-05
 lambda	  : 0.0746693

initial set of free parameter values

A               = 0.2
a               = 0.5
b1              = 0.05
b2              = 0.2

After 6266 iterations the fit converged.
final sum of squares of residuals : 2.30598e-05
rel. change during last iteration : -2.65809e-06

degrees of freedom    (FIT_NDF)                        : 146
rms of residuals      (FIT_STDFIT) = sqrt(WSSR/ndf)    : 0.000397421
variance of residuals (reduced chisquare) = WSSR/ndf   : 1.57944e-07

Final set of parameters            Asymptotic Standard Error
=======================            ==========================

A               = 3.60776          +/- 0.001643     (0.04554%)
a               = 0.878816         +/- 0.1573       (17.89%)
b1              = -11.5374         +/- 11.81        (102.4%)
b2              = 0.897202         +/- 0.7836       (87.34%)


correlation matrix of the fit parameters:

               A      a      b1     b2     
A               1.000 
a               0.858  1.000 
b1             -0.848 -1.000  1.000 
b2             -0.873 -0.999  0.999  1.000 
