

*******************************************************************************
Fri Apr 21 16:30:54 2023


FIT:    data read from "eta.dat" u 1:5
        format = x:z
        #datapoints = 100
        residuals are weighted equally (unit weight)

function used for fitting: f(x)
fitted parameters initialized with current variable values



 Iteration 0
 WSSR        : 0.000755207       delta(WSSR)/WSSR   : 0
 delta(WSSR) : 0                 limit for stopping : 1e-05
 lambda	  : 0.0800565

initial set of free parameter values

A               = 0.2
a               = 0.8
b1              = 0.01
b2              = 0.02

After 8 iterations the fit converged.
final sum of squares of residuals : 6.18806e-08
rel. change during last iteration : -4.76475e-09

degrees of freedom    (FIT_NDF)                        : 96
rms of residuals      (FIT_STDFIT) = sqrt(WSSR/ndf)    : 2.53888e-05
variance of residuals (reduced chisquare) = WSSR/ndf   : 6.44589e-10

Final set of parameters            Asymptotic Standard Error
=======================            ==========================

A               = 0.190256         +/- 0.002196     (1.154%)
a               = 0.810827         +/- 0.01261      (1.555%)
b1              = 0.0191324        +/- 0.0006388    (3.339%)
b2              = 0.0697868        +/- 0.002114     (3.029%)


correlation matrix of the fit parameters:

               A      a      b1     b2     
A               1.000 
a              -0.566  1.000 
b1             -0.898  0.861  1.000 
b2             -0.585  0.987  0.851  1.000 
