

*******************************************************************************
Fri Apr 21 16:31:08 2023


FIT:    data read from "eta.dat" u 1:5
        format = x:z
        #datapoints = 100
        residuals are weighted equally (unit weight)

function used for fitting: f(x)
fitted parameters initialized with current variable values



 Iteration 0
 WSSR        : 0.00104522        delta(WSSR)/WSSR   : 0
 delta(WSSR) : 0                 limit for stopping : 1e-05
 lambda	  : 0.0800565

initial set of free parameter values

A               = 0.2
a               = 0.8
b1              = 0.01
b2              = 0.02

After 7 iterations the fit converged.
final sum of squares of residuals : 1.75174e-08
rel. change during last iteration : -6.02569e-07

degrees of freedom    (FIT_NDF)                        : 96
rms of residuals      (FIT_STDFIT) = sqrt(WSSR/ndf)    : 1.35082e-05
variance of residuals (reduced chisquare) = WSSR/ndf   : 1.82473e-10

Final set of parameters            Asymptotic Standard Error
=======================            ==========================

A               = 0.194023         +/- 0.00113      (0.5824%)
a               = 0.740339         +/- 0.01456      (1.966%)
b1              = 0.0209908        +/- 0.0005202    (2.478%)
b2              = 0.058183         +/- 0.001189     (2.044%)


correlation matrix of the fit parameters:

               A      a      b1     b2     
A               1.000 
a              -0.647  1.000 
b1             -0.878  0.927  1.000 
b2             -0.627  0.992  0.901  1.000 
