

*******************************************************************************
Mon Apr 24 09:45:00 2023


FIT:    data read from "eta.dat" u 1:5
        format = x:z
        #datapoints = 150
        residuals are weighted equally (unit weight)

function used for fitting: f(x)
fitted parameters initialized with current variable values



 Iteration 0
 WSSR        : 0.000288732       delta(WSSR)/WSSR   : 0
 delta(WSSR) : 0                 limit for stopping : 1e-05
 lambda	  : 0.0746693

initial set of free parameter values

A               = 0.2
a               = 0.5
b1              = 0.05
b2              = 0.2

After 66 iterations the fit converged.
final sum of squares of residuals : 1.17005e-07
rel. change during last iteration : -3.24094e-12

degrees of freedom    (FIT_NDF)                        : 146
rms of residuals      (FIT_STDFIT) = sqrt(WSSR/ndf)    : 2.83091e-05
variance of residuals (reduced chisquare) = WSSR/ndf   : 8.01404e-10

Final set of parameters            Asymptotic Standard Error
=======================            ==========================

A               = 0.337357         +/- 0.001677     (0.4972%)
a               = 0.714957         +/- 0.001208     (0.169%)
b1              = 0.0212258        +/- 0.000216     (1.017%)
b2              = 0.184965         +/- 0.000424     (0.2292%)


correlation matrix of the fit parameters:

               A      a      b1     b2     
A               1.000 
a               0.718  1.000 
b1             -0.943 -0.458  1.000 
b2             -0.464  0.264  0.685  1.000 
