

*******************************************************************************
Mon Apr 24 09:46:39 2023


FIT:    data read from "eta.dat" u 1:5
        format = x:z
        #datapoints = 100
        residuals are weighted equally (unit weight)

function used for fitting: f(x)
fitted parameters initialized with current variable values



 Iteration 0
 WSSR        : 0.00335074        delta(WSSR)/WSSR   : 0
 delta(WSSR) : 0                 limit for stopping : 1e-05
 lambda	  : 0.0662043

initial set of free parameter values

A               = 0.2
a               = 0.5
b1              = 0.05
b2              = 0.2

After 70 iterations the fit converged.
final sum of squares of residuals : 2.78378e-07
rel. change during last iteration : -2.64779e-06

degrees of freedom    (FIT_NDF)                        : 96
rms of residuals      (FIT_STDFIT) = sqrt(WSSR/ndf)    : 5.38495e-05
variance of residuals (reduced chisquare) = WSSR/ndf   : 2.89977e-09

Final set of parameters            Asymptotic Standard Error
=======================            ==========================

A               = 0.386615         +/- 0.006858     (1.774%)
a               = 0.618907         +/- 0.006409     (1.036%)
b1              = 0.0134752        +/- 0.0006623    (4.915%)
b2              = 0.074702         +/- 0.0007318    (0.9796%)


correlation matrix of the fit parameters:

               A      a      b1     b2     
A               1.000 
a               0.347  1.000 
b1             -0.925  0.019  1.000 
b2             -0.513  0.605  0.757  1.000 
