

*******************************************************************************
Mon Apr 24 09:47:02 2023


FIT:    data read from "eta.dat" u 1:5
        format = x:z
        #datapoints = 150
        residuals are weighted equally (unit weight)

function used for fitting: f(x)
fitted parameters initialized with current variable values



 Iteration 0
 WSSR        : 5761.07           delta(WSSR)/WSSR   : 0
 delta(WSSR) : 0                 limit for stopping : 1e-05
 lambda	  : 0.0746693

initial set of free parameter values

A               = 0.2
a               = 0.5
b1              = 0.05
b2              = 0.2

After 10 iterations the fit converged.
final sum of squares of residuals : 0.000288234
rel. change during last iteration : -5.27573e-06

degrees of freedom    (FIT_NDF)                        : 146
rms of residuals      (FIT_STDFIT) = sqrt(WSSR/ndf)    : 0.00140506
variance of residuals (reduced chisquare) = WSSR/ndf   : 1.97421e-06

Final set of parameters            Asymptotic Standard Error
=======================            ==========================

A               = 14.3814          +/- 0.002649     (0.01842%)
a               = -30.8778         +/- 1.116e+06    (3.614e+06%)
b1              = -450.214         +/- 1.635e+06    (3.631e+05%)
b2              = -562.547         +/- 2.447e+06    (4.35e+05%)


correlation matrix of the fit parameters:

               A      a      b1     b2     
A               1.000 
a              -0.043  1.000 
b1             -0.062  1.000  1.000 
b2              0.025 -1.000 -0.999  1.000 
