

*******************************************************************************
Mon Apr 24 09:42:23 2023


FIT:    data read from "eta.dat" u 1:5
        format = x:z
        #datapoints = 150
        residuals are weighted equally (unit weight)

function used for fitting: f(x)
fitted parameters initialized with current variable values



 Iteration 0
 WSSR        : 0.0261968         delta(WSSR)/WSSR   : 0
 delta(WSSR) : 0                 limit for stopping : 1e-05
 lambda	  : 0.0746693

initial set of free parameter values

A               = 0.2
a               = 0.5
b1              = 0.05
b2              = 0.2

After 73 iterations the fit converged.
final sum of squares of residuals : 8.27719e-07
rel. change during last iteration : -5.12231e-06

degrees of freedom    (FIT_NDF)                        : 146
rms of residuals      (FIT_STDFIT) = sqrt(WSSR/ndf)    : 7.52948e-05
variance of residuals (reduced chisquare) = WSSR/ndf   : 5.66931e-09

Final set of parameters            Asymptotic Standard Error
=======================            ==========================

A               = 0.222766         +/- 0.008062     (3.619%)
a               = 0.606508         +/- 0.02634      (4.344%)
b1              = 0.0160916        +/- 0.002041     (12.68%)
b2              = 0.0624311        +/- 0.002124     (3.402%)


correlation matrix of the fit parameters:

               A      a      b1     b2     
A               1.000 
a              -0.282  1.000 
b1             -0.906  0.650  1.000 
b2             -0.564  0.935  0.826  1.000 
