

*******************************************************************************
Fri Apr 21 16:31:21 2023


FIT:    data read from "eta.dat" u 1:5
        format = x:z
        #datapoints = 100
        residuals are weighted equally (unit weight)

function used for fitting: f(x)
fitted parameters initialized with current variable values



 Iteration 0
 WSSR        : 0.00107299        delta(WSSR)/WSSR   : 0
 delta(WSSR) : 0                 limit for stopping : 1e-05
 lambda	  : 0.0800565

initial set of free parameter values

A               = 0.2
a               = 0.8
b1              = 0.01
b2              = 0.02

After 83 iterations the fit converged.
final sum of squares of residuals : 2.04309e-08
rel. change during last iteration : -2.88574e-06

degrees of freedom    (FIT_NDF)                        : 96
rms of residuals      (FIT_STDFIT) = sqrt(WSSR/ndf)    : 1.45884e-05
variance of residuals (reduced chisquare) = WSSR/ndf   : 2.12822e-10

Final set of parameters            Asymptotic Standard Error
=======================            ==========================

A               = 0.19574          +/- 0.001308     (0.6682%)
a               = 0.703843         +/- 0.01553      (2.206%)
b1              = 0.019922         +/- 0.0005811    (2.917%)
b2              = 0.0560375        +/- 0.001093     (1.95%)


correlation matrix of the fit parameters:

               A      a      b1     b2     
A               1.000 
a              -0.631  1.000 
b1             -0.880  0.918  1.000 
b2             -0.623  0.992  0.897  1.000 
