

*******************************************************************************
Mon Apr 24 09:53:09 2023


FIT:    data read from "eta.dat" u 1:5
        format = x:z
        #datapoints = 150
        residuals are weighted equally (unit weight)

function used for fitting: f(x)
fitted parameters initialized with current variable values



 Iteration 0
 WSSR        : 0.0073965         delta(WSSR)/WSSR   : 0
 delta(WSSR) : 0                 limit for stopping : 1e-05
 lambda	  : 0.149525

initial set of free parameter values

A               = 0.01
a               = 0.5
b1              = 0.5
b2              = 1

After 107 iterations the fit converged.
final sum of squares of residuals : 9.03634e-08
rel. change during last iteration : -5.11228e-07

degrees of freedom    (FIT_NDF)                        : 146
rms of residuals      (FIT_STDFIT) = sqrt(WSSR/ndf)    : 2.48783e-05
variance of residuals (reduced chisquare) = WSSR/ndf   : 6.18928e-10

Final set of parameters            Asymptotic Standard Error
=======================            ==========================

A               = 0.277623         +/- 0.001717     (0.6183%)
a               = 0.747167         +/- 0.004971     (0.6653%)
b1              = 0.0216541        +/- 0.0003854    (1.78%)
b2              = 0.0845831        +/- 0.0008085    (0.9558%)


correlation matrix of the fit parameters:

               A      a      b1     b2     
A               1.000 
a              -0.453  1.000 
b1             -0.905  0.778  1.000 
b2             -0.566  0.976  0.829  1.000 
