

*******************************************************************************
Mon Apr 24 09:46:50 2023


FIT:    data read from "eta.dat" u 1:5
        format = x:z
        #datapoints = 150
        residuals are weighted equally (unit weight)

function used for fitting: f(x)
fitted parameters initialized with current variable values



 Iteration 0
 WSSR        : 1010.44           delta(WSSR)/WSSR   : 0
 delta(WSSR) : 0                 limit for stopping : 1e-05
 lambda	  : 0.0746693

initial set of free parameter values

A               = 0.2
a               = 0.5
b1              = 0.05
b2              = 0.2

After 16 iterations the fit converged.
final sum of squares of residuals : 0.00211671
rel. change during last iteration : -8.85707e-06

degrees of freedom    (FIT_NDF)                        : 146
rms of residuals      (FIT_STDFIT) = sqrt(WSSR/ndf)    : 0.00380762
variance of residuals (reduced chisquare) = WSSR/ndf   : 1.4498e-05

Final set of parameters            Asymptotic Standard Error
=======================            ==========================

A               = 6.10872          +/- 0.003373     (0.05522%)
a               = 670.524          +/- 1.526e+06    (2.276e+05%)
b1              = -3117.88         +/- 7.942e+05    (2.547e+04%)
b2              = -2560.12         +/- 9.11e+05     (3.559e+04%)


correlation matrix of the fit parameters:

               A      a      b1     b2     
A               1.000 
a               0.341  1.000 
b1             -0.183  0.490  1.000 
b2             -0.499 -0.858  0.026  1.000 
