

*******************************************************************************
Sat May  6 22:39:31 2023


FIT:    data read from "eta.dat" u 1:5
        format = x:z
        #datapoints = 60
        residuals are weighted equally (unit weight)

function used for fitting: f(x)
fitted parameters initialized with current variable values



 Iteration 0
 WSSR        : 0.00258646        delta(WSSR)/WSSR   : 0
 delta(WSSR) : 0                 limit for stopping : 1e-05
 lambda	  : 0.0740181

initial set of free parameter values

A               = 0.01
a               = 0.5
b1              = 0.5
b2              = 1

After 271 iterations the fit converged.
final sum of squares of residuals : 7.9595e-08
rel. change during last iteration : -5.79222e-06

degrees of freedom    (FIT_NDF)                        : 56
rms of residuals      (FIT_STDFIT) = sqrt(WSSR/ndf)    : 3.77006e-05
variance of residuals (reduced chisquare) = WSSR/ndf   : 1.42134e-09

Final set of parameters            Asymptotic Standard Error
=======================            ==========================

A               = 0.288269         +/- 0.005178     (1.796%)
a               = 0.546404         +/- 0.02004      (3.667%)
b1              = 0.0143491        +/- 0.001166     (8.126%)
b2              = 0.0516601        +/- 0.001188     (2.299%)


correlation matrix of the fit parameters:

               A      a      b1     b2     
A               1.000 
a              -0.427  1.000 
b1             -0.896  0.774  1.000 
b2             -0.599  0.968  0.864  1.000 
