

*******************************************************************************
Mon Apr 24 09:43:34 2023


FIT:    data read from "eta.dat" u 1:5
        format = x:z
        #datapoints = 150
        residuals are weighted equally (unit weight)

function used for fitting: f(x)
fitted parameters initialized with current variable values



 Iteration 0
 WSSR        : 0.00585949        delta(WSSR)/WSSR   : 0
 delta(WSSR) : 0                 limit for stopping : 1e-05
 lambda	  : 0.0746693

initial set of free parameter values

A               = 0.2
a               = 0.5
b1              = 0.05
b2              = 0.2

After 23 iterations the fit converged.
final sum of squares of residuals : 2.13801e-07
rel. change during last iteration : -6.63562e-09

degrees of freedom    (FIT_NDF)                        : 146
rms of residuals      (FIT_STDFIT) = sqrt(WSSR/ndf)    : 3.82673e-05
variance of residuals (reduced chisquare) = WSSR/ndf   : 1.46439e-09

Final set of parameters            Asymptotic Standard Error
=======================            ==========================

A               = 0.243303         +/- 0.001587     (0.6523%)
a               = 0.75213          +/- 0.001854     (0.2465%)
b1              = 0.0281894        +/- 0.0004047    (1.435%)
b2              = 0.193209         +/- 0.001101     (0.5698%)


correlation matrix of the fit parameters:

               A      a      b1     b2     
A               1.000 
a               0.141  1.000 
b1             -0.930  0.216  1.000 
b2             -0.513  0.756  0.750  1.000 
