

*******************************************************************************
Mon Apr 24 09:42:26 2023


FIT:    data read from "eta.dat" u 1:5
        format = x:z
        #datapoints = 150
        residuals are weighted equally (unit weight)

function used for fitting: f(x)
fitted parameters initialized with current variable values



 Iteration 0
 WSSR        : 0.0285233         delta(WSSR)/WSSR   : 0
 delta(WSSR) : 0                 limit for stopping : 1e-05
 lambda	  : 0.0746693

initial set of free parameter values

A               = 0.2
a               = 0.5
b1              = 0.05
b2              = 0.2

After 92 iterations the fit converged.
final sum of squares of residuals : 1.01803e-07
rel. change during last iteration : -6.83771e-06

degrees of freedom    (FIT_NDF)                        : 146
rms of residuals      (FIT_STDFIT) = sqrt(WSSR/ndf)    : 2.64061e-05
variance of residuals (reduced chisquare) = WSSR/ndf   : 6.97281e-10

Final set of parameters            Asymptotic Standard Error
=======================            ==========================

A               = 0.206291         +/- 0.001524     (0.7387%)
a               = 0.858084         +/- 0.00862      (1.005%)
b1              = 0.0250466        +/- 0.0005105    (2.038%)
b2              = 0.0886473        +/- 0.002293     (2.587%)


correlation matrix of the fit parameters:

               A      a      b1     b2     
A               1.000 
a              -0.598  1.000 
b1             -0.897  0.881  1.000 
b2             -0.585  0.988  0.852  1.000 
