

*******************************************************************************
Mon Apr 24 09:44:05 2023


FIT:    data read from "eta.dat" u 1:5
        format = x:z
        #datapoints = 150
        residuals are weighted equally (unit weight)

function used for fitting: f(x)
fitted parameters initialized with current variable values



 Iteration 0
 WSSR        : 13.315            delta(WSSR)/WSSR   : 0
 delta(WSSR) : 0                 limit for stopping : 1e-05
 lambda	  : 0.0746693

initial set of free parameter values

A               = 0.2
a               = 0.5
b1              = 0.05
b2              = 0.2

After 725 iterations the fit converged.
final sum of squares of residuals : 5.69774e-06
rel. change during last iteration : -2.50399e-06

degrees of freedom    (FIT_NDF)                        : 146
rms of residuals      (FIT_STDFIT) = sqrt(WSSR/ndf)    : 0.000197549
variance of residuals (reduced chisquare) = WSSR/ndf   : 3.90256e-08

Final set of parameters            Asymptotic Standard Error
=======================            ==========================

A               = 0.80687          +/- 0.002782     (0.3448%)
a               = 0.886763         +/- 0.002505     (0.2825%)
b1              = -40.1883         +/- 4.072        (10.13%)
b2              = 0.0612973        +/- 0.003312     (5.404%)


correlation matrix of the fit parameters:

               A      a      b1     b2     
A               1.000 
a              -0.939  1.000 
b1             -0.582  0.271  1.000 
b2             -0.932  0.757  0.808  1.000 
