

*******************************************************************************
Mon Apr 24 09:46:35 2023


FIT:    data read from "eta.dat" u 1:5
        format = x:z
        #datapoints = 150
        residuals are weighted equally (unit weight)

function used for fitting: f(x)
fitted parameters initialized with current variable values



 Iteration 0
 WSSR        : 0.00377397        delta(WSSR)/WSSR   : 0
 delta(WSSR) : 0                 limit for stopping : 1e-05
 lambda	  : 0.0746693

initial set of free parameter values

A               = 0.2
a               = 0.5
b1              = 0.05
b2              = 0.2

After 66 iterations the fit converged.
final sum of squares of residuals : 9.01944e-08
rel. change during last iteration : -2.67656e-08

degrees of freedom    (FIT_NDF)                        : 146
rms of residuals      (FIT_STDFIT) = sqrt(WSSR/ndf)    : 2.4855e-05
variance of residuals (reduced chisquare) = WSSR/ndf   : 6.1777e-10

Final set of parameters            Asymptotic Standard Error
=======================            ==========================

A               = 0.360097         +/- 0.001521     (0.4225%)
a               = 0.763394         +/- 0.001189     (0.1557%)
b1              = 0.0215897        +/- 0.0001953    (0.9048%)
b2              = 0.13535          +/- 0.0004489    (0.3317%)


correlation matrix of the fit parameters:

               A      a      b1     b2     
A               1.000 
a               0.119  1.000 
b1             -0.930  0.236  1.000 
b2             -0.500  0.775  0.738  1.000 
