

*******************************************************************************
Mon Apr 24 09:44:18 2023


FIT:    data read from "eta.dat" u 1:5
        format = x:z
        #datapoints = 150
        residuals are weighted equally (unit weight)

function used for fitting: f(x)
fitted parameters initialized with current variable values



 Iteration 0
 WSSR        : 0.00622091        delta(WSSR)/WSSR   : 0
 delta(WSSR) : 0                 limit for stopping : 1e-05
 lambda	  : 0.0746693

initial set of free parameter values

A               = 0.2
a               = 0.5
b1              = 0.05
b2              = 0.2

After 70 iterations the fit converged.
final sum of squares of residuals : 1.92896e-07
rel. change during last iteration : -9.74573e-12

degrees of freedom    (FIT_NDF)                        : 146
rms of residuals      (FIT_STDFIT) = sqrt(WSSR/ndf)    : 3.63484e-05
variance of residuals (reduced chisquare) = WSSR/ndf   : 1.3212e-09

Final set of parameters            Asymptotic Standard Error
=======================            ==========================

A               = 0.285636         +/- 0.001952     (0.6833%)
a               = 0.747111         +/- 0.001936     (0.2592%)
b1              = 0.0235981        +/- 0.0003537    (1.499%)
b2              = 0.15169          +/- 0.0007915    (0.5218%)


correlation matrix of the fit parameters:

               A      a      b1     b2     
A               1.000 
a               0.174  1.000 
b1             -0.930  0.182  1.000 
b2             -0.503  0.739  0.741  1.000 
