

*******************************************************************************
Mon Apr 24 09:45:41 2023


FIT:    data read from "eta.dat" u 1:5
        format = x:z
        #datapoints = 150
        residuals are weighted equally (unit weight)

function used for fitting: f(x)
fitted parameters initialized with current variable values



 Iteration 0
 WSSR        : 1216.02           delta(WSSR)/WSSR   : 0
 delta(WSSR) : 0                 limit for stopping : 1e-05
 lambda	  : 0.0746693

initial set of free parameter values

A               = 0.2
a               = 0.5
b1              = 0.05
b2              = 0.2

After 1631 iterations the fit converged.
final sum of squares of residuals : 3.68256e-05
rel. change during last iteration : -9.71108e-06

degrees of freedom    (FIT_NDF)                        : 146
rms of residuals      (FIT_STDFIT) = sqrt(WSSR/ndf)    : 0.000502225
variance of residuals (reduced chisquare) = WSSR/ndf   : 2.5223e-07

Final set of parameters            Asymptotic Standard Error
=======================            ==========================

A               = 6.7187           +/- 0.002624     (0.03906%)
a               = 0.970863         +/- 0.00573      (0.5902%)
b1              = -19686.1         +/- 2.635e+06    (1.338e+04%)
b2              = 0.277616         +/- 0.05584      (20.11%)


correlation matrix of the fit parameters:

               A      a      b1     b2     
A               1.000 
a               0.811  1.000 
b1             -0.808 -0.999  1.000 
b2             -0.885 -0.990  0.987  1.000 
