

*******************************************************************************
Mon Apr 24 09:52:11 2023


FIT:    data read from "eta.dat" u 1:5
        format = x:z
        #datapoints = 150
        residuals are weighted equally (unit weight)

function used for fitting: f(x)
fitted parameters initialized with current variable values



 Iteration 0
 WSSR        : 0.0209246         delta(WSSR)/WSSR   : 0
 delta(WSSR) : 0                 limit for stopping : 1e-05
 lambda	  : 0.149525

initial set of free parameter values

A               = 0.01
a               = 0.5
b1              = 0.5
b2              = 1

After 311 iterations the fit converged.
final sum of squares of residuals : 5.72342e-08
rel. change during last iteration : -4.31361e-11

degrees of freedom    (FIT_NDF)                        : 146
rms of residuals      (FIT_STDFIT) = sqrt(WSSR/ndf)    : 1.97994e-05
variance of residuals (reduced chisquare) = WSSR/ndf   : 3.92015e-10

Final set of parameters            Asymptotic Standard Error
=======================            ==========================

A               = 0.322238         +/- 0.001163     (0.361%)
a               = 0.746661         +/- 0.001074     (0.1438%)
b1              = 0.0223016        +/- 0.0001789    (0.8021%)
b2              = 0.136346         +/- 0.0003808    (0.2793%)


correlation matrix of the fit parameters:

               A      a      b1     b2     
A               1.000 
a               0.121  1.000 
b1             -0.929  0.239  1.000 
b2             -0.505  0.771  0.745  1.000 
