

*******************************************************************************
Fri Apr 21 16:31:28 2023


FIT:    data read from "eta.dat" u 1:5
        format = x:z
        #datapoints = 100
        residuals are weighted equally (unit weight)

function used for fitting: f(x)
fitted parameters initialized with current variable values



 Iteration 0
 WSSR        : 0.00106048        delta(WSSR)/WSSR   : 0
 delta(WSSR) : 0                 limit for stopping : 1e-05
 lambda	  : 0.0800565

initial set of free parameter values

A               = 0.2
a               = 0.8
b1              = 0.01
b2              = 0.02

After 80 iterations the fit converged.
final sum of squares of residuals : 2.50681e-08
rel. change during last iteration : -4.60135e-06

degrees of freedom    (FIT_NDF)                        : 96
rms of residuals      (FIT_STDFIT) = sqrt(WSSR/ndf)    : 1.61594e-05
variance of residuals (reduced chisquare) = WSSR/ndf   : 2.61126e-10

Final set of parameters            Asymptotic Standard Error
=======================            ==========================

A               = 0.196933         +/- 0.001409     (0.7157%)
a               = 0.724231         +/- 0.0182       (2.513%)
b1              = 0.0204374        +/- 0.0006409    (3.136%)
b2              = 0.0561671        +/- 0.001343     (2.39%)


correlation matrix of the fit parameters:

               A      a      b1     b2     
A               1.000 
a              -0.645  1.000 
b1             -0.878  0.926  1.000 
b2             -0.627  0.992  0.902  1.000 
