

*******************************************************************************
Mon Apr 24 09:43:30 2023


FIT:    data read from "eta.dat" u 1:5
        format = x:z
        #datapoints = 150
        residuals are weighted equally (unit weight)

function used for fitting: f(x)
fitted parameters initialized with current variable values



 Iteration 0
 WSSR        : 1500.42           delta(WSSR)/WSSR   : 0
 delta(WSSR) : 0                 limit for stopping : 1e-05
 lambda	  : 0.0746693

initial set of free parameter values

A               = 0.2
a               = 0.5
b1              = 0.05
b2              = 0.2

After 313 iterations the fit converged.
final sum of squares of residuals : 3.11907e-05
rel. change during last iteration : -5.15421e-06

degrees of freedom    (FIT_NDF)                        : 146
rms of residuals      (FIT_STDFIT) = sqrt(WSSR/ndf)    : 0.000462207
variance of residuals (reduced chisquare) = WSSR/ndf   : 2.13635e-07

Final set of parameters            Asymptotic Standard Error
=======================            ==========================

A               = 7.36844          +/- 0.001626     (0.02206%)
a               = 0.0605388        +/- 0.138        (228%)
b1              = -1.18246         +/- 1.266        (107%)
b2              = 12.0594          +/- 11.83        (98.08%)


correlation matrix of the fit parameters:

               A      a      b1     b2     
A               1.000 
a               0.868  1.000 
b1             -0.860 -1.000  1.000 
b2             -0.878 -1.000  0.999  1.000 
