

*******************************************************************************
Mon Apr 24 09:55:03 2023


FIT:    data read from "eta.dat" u 1:5
        format = x:z
        #datapoints = 100
        residuals are weighted equally (unit weight)

function used for fitting: f(x)
fitted parameters initialized with current variable values



 Iteration 0
 WSSR        : 0.00332433        delta(WSSR)/WSSR   : 0
 delta(WSSR) : 0                 limit for stopping : 1e-05
 lambda	  : 0.0419654

initial set of free parameter values

A               = 0.01
a               = 0.1
b1              = 0.1
b2              = 0.1

After 14 iterations the fit converged.
final sum of squares of residuals : 9.71962e-08
rel. change during last iteration : -4.69934e-06

degrees of freedom    (FIT_NDF)                        : 96
rms of residuals      (FIT_STDFIT) = sqrt(WSSR/ndf)    : 3.18192e-05
variance of residuals (reduced chisquare) = WSSR/ndf   : 1.01246e-09

Final set of parameters            Asymptotic Standard Error
=======================            ==========================

A               = 0.233509         +/- 0.002194     (0.9394%)
a               = 0.141699         +/- 0.02302      (16.25%)
b1              = 0.0681111        +/- 0.004075     (5.983%)
b2              = 0.0238622        +/- 0.0008113    (3.4%)


correlation matrix of the fit parameters:

               A      a      b1     b2     
A               1.000 
a               0.672  1.000 
b1             -0.627 -0.991  1.000 
b2             -0.880 -0.937  0.900  1.000 
