

*******************************************************************************
Mon Apr 24 09:45:48 2023


FIT:    data read from "eta.dat" u 1:5
        format = x:z
        #datapoints = 150
        residuals are weighted equally (unit weight)

function used for fitting: f(x)
fitted parameters initialized with current variable values



 Iteration 0
 WSSR        : 4943.92           delta(WSSR)/WSSR   : 0
 delta(WSSR) : 0                 limit for stopping : 1e-05
 lambda	  : 0.0746693

initial set of free parameter values

A               = 0.2
a               = 0.5
b1              = 0.05
b2              = 0.2

After 6661 iterations the fit converged.
final sum of squares of residuals : 1.22792e-05
rel. change during last iteration : -5.76295e-07

degrees of freedom    (FIT_NDF)                        : 146
rms of residuals      (FIT_STDFIT) = sqrt(WSSR/ndf)    : 0.000290007
variance of residuals (reduced chisquare) = WSSR/ndf   : 8.41041e-08

Final set of parameters            Asymptotic Standard Error
=======================            ==========================

A               = 13.2999          +/- 0.001221     (0.009183%)
a               = 0.982419         +/- 0.02794      (2.844%)
b1              = -79.8712         +/- 93.75        (117.4%)
b2              = 0.80072          +/- 0.8113       (101.3%)


correlation matrix of the fit parameters:

               A      a      b1     b2     
A               1.000 
a               0.857  1.000 
b1             -0.847 -1.000  1.000 
b2             -0.873 -0.999  0.998  1.000 
