

*******************************************************************************
Mon Apr 24 09:46:32 2023


FIT:    data read from "eta.dat" u 1:5
        format = x:z
        #datapoints = 150
        residuals are weighted equally (unit weight)

function used for fitting: f(x)
fitted parameters initialized with current variable values



 Iteration 0
 WSSR        : 0.000403972       delta(WSSR)/WSSR   : 0
 delta(WSSR) : 0                 limit for stopping : 1e-05
 lambda	  : 0.0746693

initial set of free parameter values

A               = 0.2
a               = 0.5
b1              = 0.05
b2              = 0.2

After 53 iterations the fit converged.
final sum of squares of residuals : 4.64238e-07
rel. change during last iteration : -1.09084e-06

degrees of freedom    (FIT_NDF)                        : 146
rms of residuals      (FIT_STDFIT) = sqrt(WSSR/ndf)    : 5.63889e-05
variance of residuals (reduced chisquare) = WSSR/ndf   : 3.17971e-09

Final set of parameters            Asymptotic Standard Error
=======================            ==========================

A               = 0.36123          +/- 0.003113     (0.8618%)
a               = 0.734749         +/- 0.002116     (0.288%)
b1              = 0.022692         +/- 0.000411     (1.811%)
b2              = 0.169946         +/- 0.0008825    (0.5193%)


correlation matrix of the fit parameters:

               A      a      b1     b2     
A               1.000 
a               0.469  1.000 
b1             -0.937 -0.147  1.000 
b2             -0.484  0.522  0.714  1.000 
