

*******************************************************************************
Mon Apr 24 09:42:13 2023


FIT:    data read from "msd.dat" u 1:5
        format = x:z
        #datapoints = 1001
        residuals are weighted equally (unit weight)

function used for fitting: f(x)
fitted parameters initialized with current variable values



 Iteration 0
 WSSR        : 7.08735e+09       delta(WSSR)/WSSR   : 0
 delta(WSSR) : 0                 limit for stopping : 1e-05
 lambda	  : 692.994

initial set of free parameter values

D               = 0.1

After 3 iterations the fit converged.
final sum of squares of residuals : 376533
rel. change during last iteration : -1.86944e-12

degrees of freedom    (FIT_NDF)                        : 1000
rms of residuals      (FIT_STDFIT) = sqrt(WSSR/ndf)    : 19.4045
variance of residuals (reduced chisquare) = WSSR/ndf   : 376.533

Final set of parameters            Asymptotic Standard Error
=======================            ==========================

D               = 3.93959          +/- 0.000885     (0.02246%)


correlation matrix of the fit parameters:

               D      
D               1.000 
