

*******************************************************************************
Mon Apr 24 09:42:12 2023


FIT:    data read from "eta.dat" u 1:5
        format = x:z
        #datapoints = 150
        residuals are weighted equally (unit weight)

function used for fitting: f(x)
fitted parameters initialized with current variable values



 Iteration 0
 WSSR        : 0.0134644         delta(WSSR)/WSSR   : 0
 delta(WSSR) : 0                 limit for stopping : 1e-05
 lambda	  : 0.0746693

initial set of free parameter values

A               = 0.2
a               = 0.5
b1              = 0.05
b2              = 0.2

After 55 iterations the fit converged.
final sum of squares of residuals : 3.64143e-08
rel. change during last iteration : -6.0495e-07

degrees of freedom    (FIT_NDF)                        : 146
rms of residuals      (FIT_STDFIT) = sqrt(WSSR/ndf)    : 1.57928e-05
variance of residuals (reduced chisquare) = WSSR/ndf   : 2.49413e-10

Final set of parameters            Asymptotic Standard Error
=======================            ==========================

A               = 0.219318         +/- 0.0008404    (0.3832%)
a               = 0.730075         +/- 0.001204     (0.165%)
b1              = 0.0239656        +/- 0.0002121    (0.885%)
b2              = 0.144458         +/- 0.0004314    (0.2987%)


correlation matrix of the fit parameters:

               A      a      b1     b2     
A               1.000 
a               0.118  1.000 
b1             -0.927  0.246  1.000 
b2             -0.512  0.770  0.753  1.000 
