

*******************************************************************************
Mon Apr 24 09:44:35 2023


FIT:    data read from "eta.dat" u 1:5
        format = x:z
        #datapoints = 150
        residuals are weighted equally (unit weight)

function used for fitting: f(x)
fitted parameters initialized with current variable values



 Iteration 0
 WSSR        : 201.112           delta(WSSR)/WSSR   : 0
 delta(WSSR) : 0                 limit for stopping : 1e-05
 lambda	  : 0.0746693

initial set of free parameter values

A               = 0.2
a               = 0.5
b1              = 0.05
b2              = 0.2

After 1287 iterations the fit converged.
final sum of squares of residuals : 3.54935e-06
rel. change during last iteration : -8.63742e-08

degrees of freedom    (FIT_NDF)                        : 146
rms of residuals      (FIT_STDFIT) = sqrt(WSSR/ndf)    : 0.000155919
variance of residuals (reduced chisquare) = WSSR/ndf   : 2.43106e-08

Final set of parameters            Asymptotic Standard Error
=======================            ==========================

A               = 2.8211           +/- 0.001221     (0.04328%)
a               = 0.945135         +/- 0.0004718    (0.04991%)
b1              = -59.052          +/- 4.247        (7.192%)
b2              = 0.120213         +/- 0.003271     (2.721%)


correlation matrix of the fit parameters:

               A      a      b1     b2     
A               1.000 
a               0.256  1.000 
b1             -0.717 -0.854  1.000 
b2             -0.905 -0.637  0.934  1.000 
