

*******************************************************************************
Mon Apr 24 09:45:14 2023


FIT:    data read from "eta.dat" u 1:5
        format = x:z
        #datapoints = 100
        residuals are weighted equally (unit weight)

function used for fitting: f(x)
fitted parameters initialized with current variable values



 Iteration 0
 WSSR        : 0.00544925        delta(WSSR)/WSSR   : 0
 delta(WSSR) : 0                 limit for stopping : 1e-05
 lambda	  : 0.0662043

initial set of free parameter values

A               = 0.2
a               = 0.5
b1              = 0.05
b2              = 0.2

After 30 iterations the fit converged.
final sum of squares of residuals : 8.82389e-08
rel. change during last iteration : -7.61966e-07

degrees of freedom    (FIT_NDF)                        : 96
rms of residuals      (FIT_STDFIT) = sqrt(WSSR/ndf)    : 3.03176e-05
variance of residuals (reduced chisquare) = WSSR/ndf   : 9.19155e-10

Final set of parameters            Asymptotic Standard Error
=======================            ==========================

A               = 0.32263          +/- 0.002201     (0.6822%)
a               = 0.777843         +/- 0.00341      (0.4385%)
b1              = 0.0203387        +/- 0.0003405    (1.674%)
b2              = 0.103163         +/- 0.0009996    (0.969%)


correlation matrix of the fit parameters:

               A      a      b1     b2     
A               1.000 
a              -0.326  1.000 
b1             -0.916  0.664  1.000 
b2             -0.549  0.951  0.800  1.000 
